This file contains any messages produced by compilers while
running configure, to aid debugging if configure makes a mistake.

It was created by study configure 1.0, which was
generated by GNU Autoconf 2.63.  Invocation command line was

  $ ./configure 

## --------- ##
## Platform. ##
## --------- ##

hostname = instance-tcy8njew
uname -m = x86_64
uname -r = 2.6.32-431.el6.x86_64
uname -s = Linux
uname -v = #1 SMP Fri Nov 22 03:15:09 UTC 2013

/usr/bin/uname -p = unknown
/bin/uname -X     = unknown

/bin/arch              = x86_64
/usr/bin/arch -k       = unknown
/usr/convex/getsysinfo = unknown
/usr/bin/hostinfo      = unknown
/bin/machine           = unknown
/usr/bin/oslevel       = unknown
/bin/universe          = unknown

PATH: /usr/local/bin
PATH: /bin
PATH: /usr/bin
PATH: /usr/local/sbin
PATH: /usr/sbin
PATH: /sbin
PATH: /home/ding/bin


## ----------- ##
## Core tests. ##
## ----------- ##

configure:1831: checking for a BSD-compatible install
configure:1899: result: /usr/bin/install -c
configure:1910: checking whether build environment is sane
configure:1970: result: yes
configure:2111: checking for a thread-safe mkdir -p
configure:2150: result: /bin/mkdir -p
configure:2163: checking for gawk
configure:2179: found /bin/gawk
configure:2190: result: gawk
configure:2201: checking whether make sets $(MAKE)
configure:2223: result: yes
configure:2349: checking for gcc
configure:2365: found /usr/bin/gcc
configure:2376: result: gcc
configure:2608: checking for C compiler version
configure:2616: gcc --version >&5
gcc (GCC) 4.4.7 20120313 (Red Hat 4.4.7-4)
Copyright (C) 2010 Free Software Foundation, Inc.
This is free software; see the source for copying conditions.  There is NO
warranty; not even for MERCHANTABILITY or FITNESS FOR A PARTICULAR PURPOSE.

configure:2620: $? = 0
configure:2627: gcc -v >&5
Using built-in specs.
Target: x86_64-redhat-linux
Configured with: ../configure --prefix=/usr --mandir=/usr/share/man --infodir=/usr/share/info --with-bugurl=http://bugzilla.redhat.com/bugzilla --enable-bootstrap --enable-shared --enable-threads=posix --enable-checking=release --with-system-zlib --enable-__cxa_atexit --disable-libunwind-exceptions --enable-gnu-unique-object --enable-languages=c,c++,objc,obj-c++,java,fortran,ada --enable-java-awt=gtk --disable-dssi --with-java-home=/usr/lib/jvm/java-1.5.0-gcj-1.5.0.0/jre --enable-libgcj-multifile --enable-java-maintainer-mode --with-ecj-jar=/usr/share/java/eclipse-ecj.jar --disable-libjava-multilib --with-ppl --with-cloog --with-tune=generic --with-arch_32=i686 --build=x86_64-redhat-linux
Thread model: posix
gcc version 4.4.7 20120313 (Red Hat 4.4.7-4) (GCC) 
configure:2631: $? = 0
configure:2638: gcc -V >&5
gcc: '-V' option must have argument
configure:2642: $? = 1
configure:2665: checking for C compiler default output file name
configure:2687: gcc    conftest.c  >&5
configure:2691: $? = 0
configure:2729: result: a.out
configure:2748: checking whether the C compiler works
configure:2758: ./a.out
configure:2762: $? = 0
configure:2781: result: yes
configure:2788: checking whether we are cross compiling
configure:2790: result: no
configure:2793: checking for suffix of executables
configure:2800: gcc -o conftest    conftest.c  >&5
configure:2804: $? = 0
configure:2830: result: 
configure:2836: checking for suffix of object files
configure:2862: gcc -c   conftest.c >&5
configure:2866: $? = 0
configure:2891: result: o
configure:2895: checking whether we are using the GNU C compiler
configure:2924: gcc -c   conftest.c >&5
configure:2931: $? = 0
configure:2948: result: yes
configure:2957: checking whether gcc accepts -g
configure:2987: gcc -c -g  conftest.c >&5
configure:2994: $? = 0
configure:3095: result: yes
configure:3112: checking for gcc option to accept ISO C89
configure:3186: gcc  -c -g -O2  conftest.c >&5
configure:3193: $? = 0
configure:3216: result: none needed
configure:3245: checking for style of include used by make
configure:3273: result: GNU
configure:3298: checking dependency style of gcc
configure:3408: result: gcc3
configure:3466: checking for ranlib
configure:3482: found /usr/bin/ranlib
configure:3493: result: ranlib
configure:3520: checking for main in -lstudy
configure:3549: gcc -o conftest -g -O2   conftest.c -lstudy   >&5
/usr/bin/ld: cannot find -lstudy
collect2: ld returned 1 exit status
configure:3556: $? = 1
configure: failed program was:
| /* confdefs.h.  */
| #define PACKAGE_NAME "study"
| #define PACKAGE_TARNAME "study"
| #define PACKAGE_VERSION "1.0"
| #define PACKAGE_STRING "study 1.0"
| #define PACKAGE_BUGREPORT "dingzhihui66@163.com"
| /* end confdefs.h.  */
| 
| 
| int
| main ()
| {
| return main ();
|   ;
|   return 0;
| }
configure:3577: result: no
configure:3721: creating ./config.status

## ---------------------- ##
## Running config.status. ##
## ---------------------- ##

This file was extended by study config.status 1.0, which was
generated by GNU Autoconf 2.63.  Invocation command line was

  CONFIG_FILES    = 
  CONFIG_HEADERS  = 
  CONFIG_LINKS    = 
  CONFIG_COMMANDS = 
  $ ./config.status 

on instance-tcy8njew

config.status:761: creating Makefile
config.status:761: creating include/Makefile
config.status:761: creating src/Makefile
config.status:761: creating src/test/search/Makefile
config.status:761: creating src/test/sort/Makefile
config.status:761: creating config.h
config.status:983: config.h is unchanged
config.status:1035: executing depfiles commands

## ---------------- ##
## Cache variables. ##
## ---------------- ##

ac_cv_c_compiler_gnu=yes
ac_cv_env_CC_set=
ac_cv_env_CC_value=
ac_cv_env_CFLAGS_set=
ac_cv_env_CFLAGS_value=
ac_cv_env_CPPFLAGS_set=
ac_cv_env_CPPFLAGS_value=
ac_cv_env_LDFLAGS_set=
ac_cv_env_LDFLAGS_value=
ac_cv_env_LIBS_set=
ac_cv_env_LIBS_value=
ac_cv_env_build_alias_set=
ac_cv_env_build_alias_value=
ac_cv_env_host_alias_set=
ac_cv_env_host_alias_value=
ac_cv_env_target_alias_set=
ac_cv_env_target_alias_value=
ac_cv_lib_study_main=no
ac_cv_objext=o
ac_cv_path_install='/usr/bin/install -c'
ac_cv_path_mkdir=/bin/mkdir
ac_cv_prog_AWK=gawk
ac_cv_prog_ac_ct_CC=gcc
ac_cv_prog_ac_ct_RANLIB=ranlib
ac_cv_prog_cc_c89=
ac_cv_prog_cc_g=yes
ac_cv_prog_make_make_set=yes
am_cv_CC_dependencies_compiler_type=gcc3

## ----------------- ##
## Output variables. ##
## ----------------- ##

ACLOCAL='${SHELL} /home/ding/stu/study/missing --run aclocal-1.11'
AMDEPBACKSLASH='\'
AMDEP_FALSE='#'
AMDEP_TRUE=''
AMTAR='${SHELL} /home/ding/stu/study/missing --run tar'
AUTOCONF='${SHELL} /home/ding/stu/study/missing --run autoconf'
AUTOHEADER='${SHELL} /home/ding/stu/study/missing --run autoheader'
AUTOMAKE='${SHELL} /home/ding/stu/study/missing --run automake-1.11'
AWK='gawk'
CC='gcc'
CCDEPMODE='depmode=gcc3'
CFLAGS='-g -O2'
CPPFLAGS=''
CYGPATH_W='echo'
DEFS='-DHAVE_CONFIG_H'
DEPDIR='.deps'
ECHO_C=''
ECHO_N='-n'
ECHO_T=''
EXEEXT=''
INSTALL_DATA='${INSTALL} -m 644'
INSTALL_PROGRAM='${INSTALL}'
INSTALL_SCRIPT='${INSTALL}'
INSTALL_STRIP_PROGRAM='$(install_sh) -c -s'
LDFLAGS=''
LIBOBJS=''
LIBS=''
LTLIBOBJS=''
MAKEINFO='${SHELL} /home/ding/stu/study/missing --run makeinfo'
MKDIR_P='/bin/mkdir -p'
OBJEXT='o'
PACKAGE='study'
PACKAGE_BUGREPORT='dingzhihui66@163.com'
PACKAGE_NAME='study'
PACKAGE_STRING='study 1.0'
PACKAGE_TARNAME='study'
PACKAGE_VERSION='1.0'
PATH_SEPARATOR=':'
RANLIB='ranlib'
SET_MAKE=''
SHELL='/bin/sh'
STRIP=''
VERSION='1.0'
ac_ct_CC='gcc'
am__EXEEXT_FALSE=''
am__EXEEXT_TRUE='#'
am__fastdepCC_FALSE='#'
am__fastdepCC_TRUE=''
am__include='include'
am__isrc=''
am__leading_dot='.'
am__quote=''
am__tar='${AMTAR} chof - "$$tardir"'
am__untar='${AMTAR} xf -'
bindir='${exec_prefix}/bin'
build_alias=''
datadir='${datarootdir}'
datarootdir='${prefix}/share'
docdir='${datarootdir}/doc/${PACKAGE_TARNAME}'
dvidir='${docdir}'
exec_prefix='${prefix}'
host_alias=''
htmldir='${docdir}'
includedir='${prefix}/include'
infodir='${datarootdir}/info'
install_sh='${SHELL} /home/ding/stu/study/install-sh'
libdir='${exec_prefix}/lib'
libexecdir='${exec_prefix}/libexec'
localedir='${datarootdir}/locale'
localstatedir='${prefix}/var'
mandir='${datarootdir}/man'
mkdir_p='/bin/mkdir -p'
oldincludedir='/usr/include'
pdfdir='${docdir}'
prefix='/usr/local'
program_transform_name='s,x,x,'
psdir='${docdir}'
sbindir='${exec_prefix}/sbin'
sharedstatedir='${prefix}/com'
sysconfdir='${prefix}/etc'
target_alias=''

## ----------- ##
## confdefs.h. ##
## ----------- ##

#define PACKAGE_NAME "study"
#define PACKAGE_TARNAME "study"
#define PACKAGE_VERSION "1.0"
#define PACKAGE_STRING "study 1.0"
#define PACKAGE_BUGREPORT "dingzhihui66@163.com"

configure: exit 0

## ---------------------- ##
## Running config.status. ##
## ---------------------- ##

This file was extended by study config.status 1.0, which was
generated by GNU Autoconf 2.63.  Invocation command line was

  CONFIG_FILES    = 
  CONFIG_HEADERS  = 
  CONFIG_LINKS    = 
  CONFIG_COMMANDS = 
  $ ./config.status src/Makefile depfiles

on instance-tcy8njew

config.status:761: creating src/Makefile
config.status:1035: executing depfiles commands
